Mon 18:17: ########################################## 
Mon 18:17: Compiling.
Mon 18:17: ########################################## 

Mon 18:17: MaxCompiler version: 2014.1.1.
Mon 18:17: Build Simulation run rule for working start time: Mon Feb 02 18:17:39 GMT 2015.
Mon 18:17: Project location: /home/mvorkapic/workspace/working.
Mon 18:17: Detailed build log: /home/mvorkapic/workspace/working/RunRules/Simulation/build.log.

Mon 18:17: Compiling Engine Code.
Mon 18:17: Building httpServer.max file. 
Mon 18:17: Setting environment variable:
Mon 18:17: MAXCOMPILER_BUILD_DIR : /network-scratch/mvorkapic/maxdc_builds/
Mon 18:17: MAX_BUILDPARAMS : DFEModel='ISCA' target='DFE_SIM' maxFileName='httpServer'  
Mon 18:17: Building output:
Mon 18:17: MaxCompiler version: 2014.1.1
Mon 18:17: Build "httpServer" start time: Mon Feb 02 18:17:40 GMT 2015
Mon 18:17: Main build process running as user mvorkapic on host grim.office.maxeler.com
Mon 18:17: Build location: /network-scratch/mvorkapic/maxdc_builds/02-02-15/httpServer_ISCA_DFE_SIM
Mon 18:17: Detailed build log available in "_build.log"
Mon 18:18: 
Mon 18:18: ENGINE BUILD PARAMETERS
Mon 18:18: 	 Build name: httpServer_ISCA_DFE_SIM
Mon 18:18: 	   DFEModel: ISCA                   
Mon 18:18: 	maxFileName: httpServer             
Mon 18:18: 	     target: DFE_SIM                
Mon 18:18: 	 enableMPCX: false                  
Mon 18:18: WARNING: Manager state machine 'httpServerStateMachine' has uassigned variables in 'outputFunction':
Mon 18:18: WARNING: Control signal 'tcp_to_sm.stall' has not been assigned in all cases
Mon 18:18: WARNING: 	Stack Trace: 
Mon 18:18: WARNING: 	com.maxeler.maxcompiler.v2.statemachine.manager.ManagerIO.pushInput(ManagerIO.java:109)
Mon 18:18: WARNING: 	httpServer.httpServerStateMachine.<init>(httpServerStateMachine.maxj:64)
Mon 18:18: WARNING: 	httpServer.httpServerManager.<init>(httpServerManager.maxj:42)
Mon 18:18: WARNING: 	httpServer.httpServerManager.main(httpServerManager.maxj:233)
Mon 18:18: Instantiating kernel "KernelLMem_Write_CommandAndDataStream"
Mon 18:18: Instantiating kernel "KernelLMem_Read_CommandAndDataStream"
Mon 18:18: WARNING: Manager state machine 'hashIndex' has uassigned variables in 'nextState':
Mon 18:18: WARNING: Variable has been partially assigned
Mon 18:18: WARNING: 	15 bits not set: ???????????????
Mon 18:18: WARNING: 	Stack Trace: 
Mon 18:18: WARNING: 	com.maxeler.maxcompiler.v2.statemachine.stdlib.Mem.romMapped(Mem.java:244)
Mon 18:18: WARNING: 	httpServer.hashIndex.<init>(hashIndex.maxj:60)
Mon 18:18: WARNING: 	httpServer.httpServerManager.<init>(httpServerManager.maxj:97)
Mon 18:18: WARNING: 	httpServer.httpServerManager.main(httpServerManager.maxj:233)
Mon 18:18: WARNING: Variable has been partially assigned
Mon 18:18: WARNING: 	15 bits not set: ???????????????
Mon 18:18: WARNING: 	Stack Trace: 
Mon 18:18: WARNING: 	com.maxeler.maxcompiler.v2.statemachine.stdlib.Mem.romMapped(Mem.java:244)
Mon 18:18: WARNING: 	httpServer.hashIndex.<init>(hashIndex.maxj:61)
Mon 18:18: WARNING: 	httpServer.httpServerManager.<init>(httpServerManager.maxj:97)
Mon 18:18: WARNING: 	httpServer.httpServerManager.main(httpServerManager.maxj:233)
Mon 18:18: WARNING: Manager state machine 'hashIndex' has uassigned variables in 'outputFunction':
Mon 18:18: WARNING: Control signal 'crcResultInput.stall' has not been assigned in all cases
Mon 18:18: WARNING: 	Stack Trace: 
Mon 18:18: WARNING: 	com.maxeler.maxcompiler.v2.statemachine.manager.ManagerIO.pushInput(ManagerIO.java:109)
Mon 18:18: WARNING: 	httpServer.hashIndex.<init>(hashIndex.maxj:38)
Mon 18:18: WARNING: 	httpServer.httpServerManager.<init>(httpServerManager.maxj:97)
Mon 18:18: WARNING: 	httpServer.httpServerManager.main(httpServerManager.maxj:233)
Mon 18:18: WARNING: Manager state machine 'LMEM' has uassigned variables in 'outputFunction':
Mon 18:18: WARNING: Control signal 'dataFromHashIndex.stall' has not been assigned in all cases
Mon 18:18: WARNING: 	Stack Trace: 
Mon 18:18: WARNING: 	com.maxeler.maxcompiler.v2.statemachine.manager.ManagerIO.pushInput(ManagerIO.java:109)
Mon 18:18: WARNING: 	httpServer.LMEM.<init>(LMEM.maxj:37)
Mon 18:18: WARNING: 	httpServer.httpServerManager.<init>(httpServerManager.maxj:101)
Mon 18:18: WARNING: 	httpServer.httpServerManager.main(httpServerManager.maxj:233)
Mon 18:18: Instantiating kernel "TxManagerKernelV1_kernel"
Mon 18:18: 
Mon 18:18: Compiling kernel "KernelLMem_Write_CommandAndDataStream"
Mon 18:18: 
Mon 18:18: Compiling kernel "KernelLMem_Read_CommandAndDataStream"
Mon 18:18: 
Mon 18:18: Compiling kernel "TxManagerKernelV1_kernel"
Mon 18:18: Running back-end simulation build (3 phases)
Mon 18:18: (1/3) - Prepare MaxFile Data (GenerateMaxFileDataFile)
Mon 18:18: (2/3) - Compile Simulation Modules (SimCompilePass)
Mon 18:18: (3/3) - Generate MaxFile (AddSimObjectToMaxFilePass)
Mon 18:18: MaxFile: /network-scratch/mvorkapic/maxdc_builds/02-02-15/httpServer_ISCA_DFE_SIM/results/httpServer.max (MD5Sum: 59270a042fb407c3a61780cb5e4f3e24)
Mon 18:18: Build completed: Mon Feb 02 18:18:58 GMT 2015 (took 1 min, 18 secs)
Mon 18:18: Executing command:
Mon 18:18: cp /home/mvorkapic/workspace/working/RunRules/Simulation/maxfiles/httpServer.h /home/mvorkapic/workspace/working/RunRules/Simulation/include/httpServer.h 
Mon 18:18: Command output:
Mon 18:18: Building: httpServer.max file finished.
Mon 18:18: Engine build finished.
Mon 18:18: Compiling CPU Code.
Mon 18:18: Run CPU project make files updating
Mon 18:18: Executing command:
Mon 18:18: java -jar /network-raid/opt/maxcompiler-2014.1.1/lib/MaxIDE/projectAdmin.jar -u /home/mvorkapic/workspace/working Simulation 
Mon 18:18: Command output:

Mon 18:18: MaxCompiler Project Admin Tool Version 2014.1.1
Mon 18:18:  Copyright Maxeler Technologies 2010 - 2014. All rights reserved.

Mon 18:18: Handler version 1
Mon 18:18: Updating RunRule dependent Makefiles for RunRule 'Simulation'
Mon 18:18: Found makefiles: 1
Mon 18:18: 	Updated: Simulation
Mon 18:18: Run CPU make.
Mon 18:18: make RUNRULE=Simulation 
Mon 18:18: Command output:
Mon 18:18: make -f Makefile ../RunRules/Simulation/binaries/httpServer
Mon 18:18: make[1]: Entering directory `/home/mvorkapic/workspace/working/CPUCode'
Mon 18:18: /network-raid/opt/maxcompiler-2014.1.1/bin/sliccompile "../RunRules/Simulation/maxfiles/httpServer.max" "../RunRules/Simulation/objects/slic_httpServer.o"
Mon 18:19: Processing maxfile for MAX4AB24B_SIM from '../RunRules/Simulation/maxfiles/httpServer.max'.
Mon 18:19: gcc -std=gnu99 -Wall -Werror -fno-guess-branch-probability -frandom-seed=foo -Wno-unused-variable -Wno-unused-function -fPIC -I /network-raid/opt/maxcompiler-2014.1.1/include/slic -DMAXFILE_INC="/home/mvorkapic/workspace/working/CPUCode/../RunRules/Simulation/maxfiles/httpServer.max" -DSLIC_NO_DESTRUCTORS -c /network-raid/opt/maxcompiler-2014.1.1/src/slicinterface/MaxFileInit.c -o slic_httpServer.o 
Mon 18:19: Copying .max file C object into '/home/mvorkapic/workspace/working/CPUCode/../RunRules/Simulation/objects'
Mon 18:19: cc -g -O3 -Wall -Wextra -fmessage-length=0 -I ../RunRules/Simulation/include -I. -I/network-raid/opt/maxcompiler-2014.1.1/lib/maxeleros-sim/include -I/network-raid/opt/maxcompiler-2014.1.1/include/slic -D_XOPEN_SOURCE=600  -std=c99 -DBUILDNAME_MAXFILE_1=httpServer -DMAXFILE_1="httpServer.max"  -o "../RunRules/Simulation/objects/httpServerCpuCode.o" -c "httpServerCpuCode.c"
Mon 18:19: httpServerCpuCode.c: In function 'exchangeItems':
Mon 18:19: httpServerCpuCode.c:116: warning: unused variable 'sum'
Mon 18:19: httpServerCpuCode.c:73: warning: unused variable 'y'
Mon 18:19: httpServerCpuCode.c:67: warning: unused variable 'word'
Mon 18:19: httpServerCpuCode.c:66: warning: unused variable 'data_received'
Mon 18:19: httpServerCpuCode.c: In function 'fillRomHashIndex':
Mon 18:19: httpServerCpuCode.c:177: warning: implicit declaration of function 'ceil'
Mon 18:19: httpServerCpuCode.c:177: warning: incompatible implicit declaration of built-in function 'ceil'
Mon 18:19: httpServerCpuCode.c: In function 'main':
Mon 18:19: httpServerCpuCode.c:262: warning: comparison between signed and unsigned integer expressions
Mon 18:19: httpServerCpuCode.c:297: warning: incompatible implicit declaration of built-in function 'ceil'
Mon 18:19: httpServerCpuCode.c:544: warning: format '%u' expects type 'unsigned int', but argument 2 has type 'uint64_t'
Mon 18:19: httpServerCpuCode.c:573: warning: format '%u' expects type 'unsigned int', but argument 4 has type 'uint64_t'
Mon 18:19: httpServerCpuCode.c:826: warning: format '%u' expects type 'unsigned int', but argument 2 has type 'long unsigned int'
Mon 18:19: httpServerCpuCode.c:850: warning: unused variable 'items4'
Mon 18:19: httpServerCpuCode.c:835: warning: unused variable 'items3'
Mon 18:19: httpServerCpuCode.c:718: warning: unused variable 'items2'
Mon 18:19: httpServerCpuCode.c:635: warning: unused variable 'vrednost'
Mon 18:19: httpServerCpuCode.c:447: warning: unused variable 'timeout'
Mon 18:19: httpServerCpuCode.c:440: warning: unused variable 'num_changed_sockets'
Mon 18:19: cc -g -O3 -Wall -Wextra -fmessage-length=0 -I ../RunRules/Simulation/include -I. -I/network-raid/opt/maxcompiler-2014.1.1/lib/maxeleros-sim/include -I/network-raid/opt/maxcompiler-2014.1.1/include/slic -D_XOPEN_SOURCE=600  -std=c99 -DBUILDNAME_MAXFILE_1=httpServer -DMAXFILE_1="httpServer.max"  -MM -MP -MT "../RunRules/Simulation/objects/httpServerCpuCode.o" "httpServerCpuCode.c" > "../RunRules/Simulation/objects/httpServerCpuCode.d"
Mon 18:19: cc ../RunRules/Simulation/objects/httpServerCpuCode.o ../RunRules/Simulation/objects/slic_httpServer.o  -L/network-raid/opt/maxcompiler-2014.1.1/lib -L/network-raid/opt/maxcompiler-2014.1.1/lib/maxeleros-sim/lib -lslic -lmaxeleros -lm -lpthread  -o "../RunRules/Simulation/binaries/httpServer"
Mon 18:19: make[1]: Leaving directory `/home/mvorkapic/workspace/working/CPUCode'
Mon 18:19: Build completed: Mon Feb 02 18:19:04 GMT 2015


